<?xml version="1.0" encoding="UTF-8"?>
<!-- Generated by org.testng.reporters.JUnitReportReporter -->
<testsuite skipped="0" hostname="DESKTOP-TTSDGRR" name="SeleniumBasicCommands.SeleniumCommands" tests="1" failures="0" timestamp="2023-03-13T20:51:58 IST" time="13.561" errors="0">
  <testcase name="TC_031_verifyDragableItems" time="13.561" classname="SeleniumBasicCommands.SeleniumCommands"/>
  <system-out/>
</testsuite> <!-- SeleniumBasicCommands.SeleniumCommands -->
