<?xml version="1.0" encoding="UTF-8"?>
<!-- Generated by org.testng.reporters.JUnitReportReporter -->
<testsuite skipped="0" hostname="DESKTOP-TTSDGRR" name="SeleniumBasicCommands.SeleniumCommands" tests="1" failures="0" timestamp="2023-03-06T20:01:47 IST" time="8.279" errors="0">
  <testcase name="TC_018_verifyIsEnabled" time="8.279" classname="SeleniumBasicCommands.SeleniumCommands"/>
  <system-out/>
</testsuite> <!-- SeleniumBasicCommands.SeleniumCommands -->
